<?xml version="1.0" encoding="UTF-8"?>
<!-- Generated by org.testng.reporters.JUnitReportReporter -->
<testsuite hostname="DESKTOP-GLLEFG8" failures="0" tests="1" name="selenium2Domaci.TestItBoot" time="7.525" errors="0" timestamp="30 May 2021 12:34:11 GMT" skipped="0">
  <testcase classname="selenium2Domaci.TestItBoot" name="testKontakt" time="7.525"/>
</testsuite> <!-- selenium2Domaci.TestItBoot -->
